# JRE version: OpenJDK Runtime Environment (17.0.9) (build 17.0.9+0--11185874)
# Java VM: OpenJDK 64-Bit Server VM (17.0.9+0--11185874, mixed mode, tiered, compressed oops, compressed class ptrs, g1 gc, windows-amd64)
GC Precious Log:
 CPUs: 8 total, 8 available
 Memory: 16194M
 Large Page Support: Disabled
 NUMA Support: Disabled
 Compressed Oops: Enabled (32-bit)
 Heap Region Size: 1M
 Heap Min Capacity: 8M
 Heap Initial Capacity: 254M
 Heap Max Capacity: 2G
 Pre-touch: Disabled
 Parallel Workers: 8
 Concurrent Workers: 2
 Concurrent Refinement Workers: 8
 Periodic GC: Disabled
Heap:
 garbage-first heap   total 263168K, used 213696K [0x0000000080000000, 0x0000000100000000)
  region size 1024K, 6 young (6144K), 2 survivors (2048K)
 Metaspace       used 157456K, committed 158400K, reserved 1245184K
  class space    used 20640K, committed 21056K, reserved 1048576K
GC Heap History (20 events):
Event: 43.430 GC heap before
{Heap before GC invocations=64 (full 0):
 garbage-first heap   total 263168K, used 221184K [0x0000000080000000, 0x0000000100000000)
  region size 1024K, 48 young (49152K), 7 survivors (7168K)
 Metaspace       used 144865K, committed 145728K, reserved 1179648K
  class space    used 18665K, committed 19072K, reserved 1048576K
}
Event: 43.449 GC heap after
{Heap after GC invocations=65 (full 0):
 garbage-first heap   total 263168K, used 181712K [0x0000000080000000, 0x0000000100000000)
  region size 1024K, 2 young (2048K), 2 survivors (2048K)
 Metaspace       used 144865K, committed 145728K, reserved 1179648K
  class space    used 18665K, committed 19072K, reserved 1048576K
}
Event: 44.565 GC heap before
{Heap before GC invocations=65 (full 0):
 garbage-first heap   total 263168K, used 224720K [0x0000000080000000, 0x0000000100000000)
  region size 1024K, 43 young (44032K), 2 survivors (2048K)
 Metaspace       used 147766K, committed 148608K, reserved 1179648K
  class space    used 19205K, committed 19584K, reserved 1048576K
}
Event: 44.570 GC heap after
{Heap after GC invocations=66 (full 0):
 garbage-first heap   total 263168K, used 182463K [0x0000000080000000, 0x0000000100000000)
  region size 1024K, 3 young (3072K), 3 survivors (3072K)
 Metaspace       used 147766K, committed 148608K, reserved 1179648K
  class space    used 19205K, committed 19584K, reserved 1048576K
}
Event: 45.683 GC heap before
{Heap before GC invocations=66 (full 0):
 garbage-first heap   total 263168K, used 225471K [0x0000000080000000, 0x0000000100000000)
  region size 1024K, 45 young (46080K), 3 survivors (3072K)
 Metaspace       used 150708K, committed 151616K, reserved 1245184K
  class space    used 19656K, committed 20096K, reserved 1048576K
}
Event: 45.692 GC heap after
{Heap after GC invocations=67 (full 0):
 garbage-first heap   total 263168K, used 184268K [0x0000000080000000, 0x0000000100000000)
  region size 1024K, 5 young (5120K), 5 survivors (5120K)
 Metaspace       used 150708K, committed 151616K, reserved 1245184K
  class space    used 19656K, committed 20096K, reserved 1048576K
}
Event: 47.122 GC heap before
{Heap before GC invocations=67 (full 0):
 garbage-first heap   total 263168K, used 237516K [0x0000000080000000, 0x0000000100000000)
  region size 1024K, 46 young (47104K), 5 survivors (5120K)
 Metaspace       used 154418K, committed 155328K, reserved 1245184K
  class space    used 20251K, committed 20672K, reserved 1048576K
}
Event: 47.136 GC heap after
{Heap after GC invocations=68 (full 0):
 garbage-first heap   total 263168K, used 193536K [0x0000000080000000, 0x0000000100000000)
  region size 1024K, 6 young (6144K), 6 survivors (6144K)
 Metaspace       used 154418K, committed 155328K, reserved 1245184K
  class space    used 20251K, committed 20672K, reserved 1048576K
}
Event: 48.098 GC heap before
{Heap before GC invocations=68 (full 0):
 garbage-first heap   total 263168K, used 225280K [0x0000000080000000, 0x0000000100000000)
  region size 1024K, 38 young (38912K), 6 survivors (6144K)
 Metaspace       used 156194K, committed 157056K, reserved 1245184K
  class space    used 20472K, committed 20864K, reserved 1048576K
}
Event: 48.107 GC heap after
{Heap after GC invocations=69 (full 0):
 garbage-first heap   total 263168K, used 197656K [0x0000000080000000, 0x0000000100000000)
  region size 1024K, 4 young (4096K), 4 survivors (4096K)
 Metaspace       used 156194K, committed 157056K, reserved 1245184K
  class space    used 20472K, committed 20864K, reserved 1048576K
}
Event: 48.749 GC heap before
{Heap before GC invocations=69 (full 0):
 garbage-first heap   total 263168K, used 229400K [0x0000000080000000, 0x0000000100000000)
  region size 1024K, 32 young (32768K), 4 survivors (4096K)
 Metaspace       used 157429K, committed 158336K, reserved 1245184K
  class space    used 20640K, committed 21056K, reserved 1048576K
}
Event: 48.760 GC heap after
{Heap after GC invocations=70 (full 0):
 garbage-first heap   total 263168K, used 205876K [0x0000000080000000, 0x0000000100000000)
  region size 1024K, 4 young (4096K), 4 survivors (4096K)
 Metaspace       used 157429K, committed 158336K, reserved 1245184K
  class space    used 20640K, committed 21056K, reserved 1048576K
}
Event: 48.930 GC heap before
{Heap before GC invocations=70 (full 0):
 garbage-first heap   total 263168K, used 226356K [0x0000000080000000, 0x0000000100000000)
  region size 1024K, 24 young (24576K), 4 survivors (4096K)
 Metaspace       used 157431K, committed 158336K, reserved 1245184K
  class space    used 20640K, committed 21056K, reserved 1048576K
}
Event: 48.942 GC heap after
{Heap after GC invocations=71 (full 0):
 garbage-first heap   total 263168K, used 213560K [0x0000000080000000, 0x0000000100000000)
  region size 1024K, 3 young (3072K), 3 survivors (3072K)
 Metaspace       used 157431K, committed 158336K, reserved 1245184K
  class space    used 20640K, committed 21056K, reserved 1048576K
}
Event: 49.041 GC heap before
{Heap before GC invocations=71 (full 0):
 garbage-first heap   total 263168K, used 225848K [0x0000000080000000, 0x0000000100000000)
  region size 1024K, 16 young (16384K), 3 survivors (3072K)
 Metaspace       used 157431K, committed 158336K, reserved 1245184K
  class space    used 20640K, committed 21056K, reserved 1048576K
}
Event: 49.052 GC heap after
{Heap after GC invocations=72 (full 0):
 garbage-first heap   total 263168K, used 219313K [0x0000000080000000, 0x0000000100000000)
  region size 1024K, 2 young (2048K), 2 survivors (2048K)
 Metaspace       used 157431K, committed 158336K, reserved 1245184K
  class space    used 20640K, committed 21056K, reserved 1048576K
}
Event: 49.224 GC heap before
{Heap before GC invocations=72 (full 0):
 garbage-first heap   total 263168K, used 228529K [0x0000000080000000, 0x0000000100000000)
  region size 1024K, 12 young (12288K), 2 survivors (2048K)
 Metaspace       used 157434K, committed 158336K, reserved 1245184K
  class space    used 20640K, committed 21056K, reserved 1048576K
}
Event: 49.233 GC heap after
{Heap after GC invocations=73 (full 0):
 garbage-first heap   total 263168K, used 222845K [0x0000000080000000, 0x0000000100000000)
  region size 1024K, 2 young (2048K), 2 survivors (2048K)
 Metaspace       used 157434K, committed 158336K, reserved 1245184K
  class space    used 20640K, committed 21056K, reserved 1048576K
}
Event: 49.596 GC heap before
{Heap before GC invocations=73 (full 0):
 garbage-first heap   total 263168K, used 232061K [0x0000000080000000, 0x0000000100000000)
  region size 1024K, 12 young (12288K), 2 survivors (2048K)
 Metaspace       used 157450K, committed 158400K, reserved 1245184K
  class space    used 20640K, committed 21056K, reserved 1048576K
}
Event: 49.601 GC heap after
{Heap after GC invocations=74 (full 0):
 garbage-first heap   total 263168K, used 223936K [0x0000000080000000, 0x0000000100000000)
  region size 1024K, 2 young (2048K), 2 survivors (2048K)
 Metaspace       used 157450K, committed 158400K, reserved 1245184K
  class space    used 20640K, committed 21056K, reserved 1048576K
}

