# JRE version: OpenJDK Runtime Environment (17.0.9) (build 17.0.9+0--11185874)
# Java VM: OpenJDK 64-Bit Server VM (17.0.9+0--11185874, mixed mode, tiered, compressed oops, compressed class ptrs, g1 gc, windows-amd64)
GC Precious Log:
 CPUs: 8 total, 8 available
 Memory: 16194M
 Large Page Support: Disabled
 NUMA Support: Disabled
 Compressed Oops: Enabled (32-bit)
 Heap Region Size: 1M
 Heap Min Capacity: 8M
 Heap Initial Capacity: 254M
 Heap Max Capacity: 2G
 Pre-touch: Disabled
 Parallel Workers: 8
 Concurrent Workers: 2
 Concurrent Refinement Workers: 8
 Periodic GC: Disabled
Heap:
 garbage-first heap   total 332800K, used 257137K [0x0000000080000000, 0x0000000100000000)
  region size 1024K, 12 young (12288K), 3 survivors (3072K)
 Metaspace       used 152708K, committed 153792K, reserved 1245184K
  class space    used 20554K, committed 21056K, reserved 1048576K
GC Heap History (20 events):
Event: 58.007 GC heap before
{Heap before GC invocations=69 (full 0):
 garbage-first heap   total 332800K, used 267994K [0x0000000080000000, 0x0000000100000000)
  region size 1024K, 94 young (96256K), 10 survivors (10240K)
 Metaspace       used 113587K, committed 114496K, reserved 1179648K
  class space    used 15426K, committed 15872K, reserved 1048576K
}
Event: 58.028 GC heap after
{Heap after GC invocations=70 (full 0):
 garbage-first heap   total 332800K, used 188480K [0x0000000080000000, 0x0000000100000000)
  region size 1024K, 9 young (9216K), 9 survivors (9216K)
 Metaspace       used 113587K, committed 114496K, reserved 1179648K
  class space    used 15426K, committed 15872K, reserved 1048576K
}
Event: 102.234 GC heap before
{Heap before GC invocations=70 (full 0):
 garbage-first heap   total 332800K, used 269376K [0x0000000080000000, 0x0000000100000000)
  region size 1024K, 89 young (91136K), 9 survivors (9216K)
 Metaspace       used 118709K, committed 119744K, reserved 1179648K
  class space    used 16087K, committed 16576K, reserved 1048576K
}
Event: 102.259 GC heap after
{Heap after GC invocations=71 (full 0):
 garbage-first heap   total 332800K, used 195743K [0x0000000080000000, 0x0000000100000000)
  region size 1024K, 8 young (8192K), 8 survivors (8192K)
 Metaspace       used 118709K, committed 119744K, reserved 1179648K
  class space    used 16087K, committed 16576K, reserved 1048576K
}
Event: 105.777 GC heap before
{Heap before GC invocations=71 (full 0):
 garbage-first heap   total 332800K, used 271519K [0x0000000080000000, 0x0000000100000000)
  region size 1024K, 83 young (84992K), 8 survivors (8192K)
 Metaspace       used 125162K, committed 126208K, reserved 1179648K
  class space    used 17346K, committed 17856K, reserved 1048576K
}
Event: 105.796 GC heap after
{Heap after GC invocations=72 (full 0):
 garbage-first heap   total 332800K, used 201089K [0x0000000080000000, 0x0000000100000000)
  region size 1024K, 6 young (6144K), 6 survivors (6144K)
 Metaspace       used 125162K, committed 126208K, reserved 1179648K
  class space    used 17346K, committed 17856K, reserved 1048576K
}
Event: 107.509 GC heap before
{Heap before GC invocations=72 (full 0):
 garbage-first heap   total 332800K, used 281985K [0x0000000080000000, 0x0000000100000000)
  region size 1024K, 78 young (79872K), 6 survivors (6144K)
 Metaspace       used 132371K, committed 133504K, reserved 1179648K
  class space    used 18248K, committed 18752K, reserved 1048576K
}
Event: 107.533 GC heap after
{Heap after GC invocations=73 (full 0):
 garbage-first heap   total 332800K, used 219553K [0x0000000080000000, 0x0000000100000000)
  region size 1024K, 10 young (10240K), 10 survivors (10240K)
 Metaspace       used 132371K, committed 133504K, reserved 1179648K
  class space    used 18248K, committed 18752K, reserved 1048576K
}
Event: 108.100 GC heap before
{Heap before GC invocations=73 (full 0):
 garbage-first heap   total 332800K, used 275873K [0x0000000080000000, 0x0000000100000000)
  region size 1024K, 65 young (66560K), 10 survivors (10240K)
 Metaspace       used 132386K, committed 133504K, reserved 1179648K
  class space    used 18250K, committed 18752K, reserved 1048576K
}
Event: 108.133 GC heap after
{Heap after GC invocations=74 (full 0):
 garbage-first heap   total 332800K, used 229245K [0x0000000080000000, 0x0000000100000000)
  region size 1024K, 9 young (9216K), 9 survivors (9216K)
 Metaspace       used 132386K, committed 133504K, reserved 1179648K
  class space    used 18250K, committed 18752K, reserved 1048576K
}
Event: 109.568 GC heap before
{Heap before GC invocations=74 (full 0):
 garbage-first heap   total 332800K, used 280445K [0x0000000080000000, 0x0000000100000000)
  region size 1024K, 52 young (53248K), 9 survivors (9216K)
 Metaspace       used 136618K, committed 137728K, reserved 1179648K
  class space    used 18753K, committed 19264K, reserved 1048576K
}
Event: 109.586 GC heap after
{Heap after GC invocations=75 (full 0):
 garbage-first heap   total 332800K, used 242306K [0x0000000080000000, 0x0000000100000000)
  region size 1024K, 5 young (5120K), 5 survivors (5120K)
 Metaspace       used 136618K, committed 137728K, reserved 1179648K
  class space    used 18753K, committed 19264K, reserved 1048576K
}
Event: 110.764 GC heap before
{Heap before GC invocations=75 (full 0):
 garbage-first heap   total 332800K, used 280194K [0x0000000080000000, 0x0000000100000000)
  region size 1024K, 42 young (43008K), 5 survivors (5120K)
 Metaspace       used 139322K, committed 140480K, reserved 1179648K
  class space    used 19034K, committed 19584K, reserved 1048576K
}
Event: 110.773 GC heap after
{Heap after GC invocations=76 (full 0):
 garbage-first heap   total 332800K, used 246271K [0x0000000080000000, 0x0000000100000000)
  region size 1024K, 4 young (4096K), 4 survivors (4096K)
 Metaspace       used 139322K, committed 140480K, reserved 1179648K
  class space    used 19034K, committed 19584K, reserved 1048576K
}
Event: 111.633 GC heap before
{Heap before GC invocations=76 (full 0):
 garbage-first heap   total 332800K, used 282111K [0x0000000080000000, 0x0000000100000000)
  region size 1024K, 39 young (39936K), 4 survivors (4096K)
 Metaspace       used 143580K, committed 144704K, reserved 1179648K
  class space    used 19410K, committed 19904K, reserved 1048576K
}
Event: 111.641 GC heap after
{Heap after GC invocations=77 (full 0):
 garbage-first heap   total 332800K, used 248726K [0x0000000080000000, 0x0000000100000000)
  region size 1024K, 2 young (2048K), 2 survivors (2048K)
 Metaspace       used 143580K, committed 144704K, reserved 1179648K
  class space    used 19410K, committed 19904K, reserved 1048576K
}
Event: 112.711 GC heap before
{Heap before GC invocations=77 (full 0):
 garbage-first heap   total 332800K, used 284566K [0x0000000080000000, 0x0000000100000000)
  region size 1024K, 37 young (37888K), 2 survivors (2048K)
 Metaspace       used 147818K, committed 148928K, reserved 1179648K
  class space    used 19934K, committed 20480K, reserved 1048576K
}
Event: 112.716 GC heap after
{Heap after GC invocations=78 (full 0):
 garbage-first heap   total 332800K, used 250083K [0x0000000080000000, 0x0000000100000000)
  region size 1024K, 4 young (4096K), 4 survivors (4096K)
 Metaspace       used 147818K, committed 148928K, reserved 1179648K
  class space    used 19934K, committed 20480K, reserved 1048576K
}
Event: 113.545 GC heap before
{Heap before GC invocations=78 (full 0):
 garbage-first heap   total 332800K, used 276707K [0x0000000080000000, 0x0000000100000000)
  region size 1024K, 31 young (31744K), 4 survivors (4096K)
 Metaspace       used 151592K, committed 152640K, reserved 1245184K
  class space    used 20419K, committed 20928K, reserved 1048576K
}
Event: 113.555 GC heap after
{Heap after GC invocations=79 (full 0):
 garbage-first heap   total 332800K, used 250993K [0x0000000080000000, 0x0000000100000000)
  region size 1024K, 3 young (3072K), 3 survivors (3072K)
 Metaspace       used 151592K, committed 152640K, reserved 1245184K
  class space    used 20419K, committed 20928K, reserved 1048576K
}

