# JRE version: OpenJDK Runtime Environment (17.0.9) (build 17.0.9+0--11185874)
# Java VM: OpenJDK 64-Bit Server VM (17.0.9+0--11185874, mixed mode, tiered, compressed oops, compressed class ptrs, g1 gc, windows-amd64)
GC Precious Log:
 CPUs: 8 total, 8 available
 Memory: 16194M
 Large Page Support: Disabled
 NUMA Support: Disabled
 Compressed Oops: Enabled (32-bit)
 Heap Region Size: 1M
 Heap Min Capacity: 8M
 Heap Initial Capacity: 254M
 Heap Max Capacity: 2G
 Pre-touch: Disabled
 Parallel Workers: 8
 Concurrent Workers: 2
 Concurrent Refinement Workers: 8
 Periodic GC: Disabled
Heap:
 garbage-first heap   total 274432K, used 214771K [0x0000000080000000, 0x0000000100000000)
  region size 1024K, 63 young (64512K), 6 survivors (6144K)
 Metaspace       used 130577K, committed 131712K, reserved 1179648K
  class space    used 18305K, committed 18880K, reserved 1048576K
GC Heap History (20 events):
Event: 51.828 GC heap before
{Heap before GC invocations=55 (full 0):
 garbage-first heap   total 215040K, used 177470K [0x0000000080000000, 0x0000000100000000)
  region size 1024K, 60 young (61440K), 5 survivors (5120K)
 Metaspace       used 110806K, committed 111744K, reserved 1179648K
  class space    used 15369K, committed 15808K, reserved 1048576K
}
Event: 51.842 GC heap after
{Heap after GC invocations=56 (full 0):
 garbage-first heap   total 215040K, used 128192K [0x0000000080000000, 0x0000000100000000)
  region size 1024K, 8 young (8192K), 8 survivors (8192K)
 Metaspace       used 110806K, committed 111744K, reserved 1179648K
  class space    used 15369K, committed 15808K, reserved 1048576K
}
Event: 52.708 GC heap before
{Heap before GC invocations=56 (full 0):
 garbage-first heap   total 215040K, used 177344K [0x0000000080000000, 0x0000000100000000)
  region size 1024K, 57 young (58368K), 8 survivors (8192K)
 Metaspace       used 113327K, committed 114240K, reserved 1179648K
  class space    used 15755K, committed 16192K, reserved 1048576K
}
Event: 52.724 GC heap after
{Heap after GC invocations=57 (full 0):
 garbage-first heap   total 215040K, used 135355K [0x0000000080000000, 0x0000000100000000)
  region size 1024K, 7 young (7168K), 7 survivors (7168K)
 Metaspace       used 113327K, committed 114240K, reserved 1179648K
  class space    used 15755K, committed 16192K, reserved 1048576K
}
Event: 53.270 GC heap before
{Heap before GC invocations=57 (full 0):
 garbage-first heap   total 215040K, used 177339K [0x0000000080000000, 0x0000000100000000)
  region size 1024K, 49 young (50176K), 7 survivors (7168K)
 Metaspace       used 115659K, committed 116544K, reserved 1179648K
  class space    used 16105K, committed 16512K, reserved 1048576K
}
Event: 53.282 GC heap after
{Heap after GC invocations=58 (full 0):
 garbage-first heap   total 215040K, used 141954K [0x0000000080000000, 0x0000000100000000)
  region size 1024K, 7 young (7168K), 7 survivors (7168K)
 Metaspace       used 115659K, committed 116544K, reserved 1179648K
  class space    used 16105K, committed 16512K, reserved 1048576K
}
Event: 54.814 GC heap before
{Heap before GC invocations=58 (full 0):
 garbage-first heap   total 215040K, used 178818K [0x0000000080000000, 0x0000000100000000)
  region size 1024K, 44 young (45056K), 7 survivors (7168K)
 Metaspace       used 119969K, committed 120896K, reserved 1179648K
  class space    used 16847K, committed 17344K, reserved 1048576K
}
Event: 54.823 GC heap after
{Heap after GC invocations=59 (full 0):
 garbage-first heap   total 274432K, used 139855K [0x0000000080000000, 0x0000000100000000)
  region size 1024K, 2 young (2048K), 2 survivors (2048K)
 Metaspace       used 119969K, committed 120896K, reserved 1179648K
  class space    used 16847K, committed 17344K, reserved 1048576K
}
Event: 60.181 GC heap before
{Heap before GC invocations=59 (full 0):
 garbage-first heap   total 274432K, used 217679K [0x0000000080000000, 0x0000000100000000)
  region size 1024K, 78 young (79872K), 2 survivors (2048K)
 Metaspace       used 125296K, committed 126272K, reserved 1179648K
  class space    used 17751K, committed 18240K, reserved 1048576K
}
Event: 60.189 GC heap after
{Heap after GC invocations=60 (full 0):
 garbage-first heap   total 274432K, used 141584K [0x0000000080000000, 0x0000000100000000)
  region size 1024K, 4 young (4096K), 4 survivors (4096K)
 Metaspace       used 125296K, committed 126272K, reserved 1179648K
  class space    used 17751K, committed 18240K, reserved 1048576K
}
Event: 62.621 GC heap before
{Heap before GC invocations=60 (full 0):
 garbage-first heap   total 274432K, used 193808K [0x0000000080000000, 0x0000000100000000)
  region size 1024K, 29 young (29696K), 4 survivors (4096K)
 Metaspace       used 127046K, committed 128000K, reserved 1179648K
  class space    used 17966K, committed 18432K, reserved 1048576K
}
Event: 62.632 GC heap after
{Heap after GC invocations=61 (full 0):
 garbage-first heap   total 274432K, used 153471K [0x0000000080000000, 0x0000000100000000)
  region size 1024K, 5 young (5120K), 5 survivors (5120K)
 Metaspace       used 127046K, committed 128000K, reserved 1179648K
  class space    used 17966K, committed 18432K, reserved 1048576K
}
Event: 413.468 GC heap before
{Heap before GC invocations=61 (full 0):
 garbage-first heap   total 274432K, used 246655K [0x0000000080000000, 0x0000000100000000)
  region size 1024K, 76 young (77824K), 5 survivors (5120K)
 Metaspace       used 128470K, committed 129472K, reserved 1179648K
  class space    used 18129K, committed 18624K, reserved 1048576K
}
Event: 413.481 GC heap after
{Heap after GC invocations=62 (full 0):
 garbage-first heap   total 274432K, used 147977K [0x0000000080000000, 0x0000000100000000)
  region size 1024K, 10 young (10240K), 10 survivors (10240K)
 Metaspace       used 128470K, committed 129472K, reserved 1179648K
  class space    used 18129K, committed 18624K, reserved 1048576K
}
Event: 445.546 GC heap before
{Heap before GC invocations=62 (full 0):
 garbage-first heap   total 274432K, used 224777K [0x0000000080000000, 0x0000000100000000)
  region size 1024K, 86 young (88064K), 10 survivors (10240K)
 Metaspace       used 129459K, committed 130432K, reserved 1179648K
  class space    used 18225K, committed 18688K, reserved 1048576K
}
Event: 445.555 GC heap after
{Heap after GC invocations=63 (full 0):
 garbage-first heap   total 274432K, used 144664K [0x0000000080000000, 0x0000000100000000)
  region size 1024K, 2 young (2048K), 2 survivors (2048K)
 Metaspace       used 129459K, committed 130432K, reserved 1179648K
  class space    used 18225K, committed 18688K, reserved 1048576K
}
Event: 451.454 GC heap before
{Heap before GC invocations=63 (full 0):
 garbage-first heap   total 274432K, used 228632K [0x0000000080000000, 0x0000000100000000)
  region size 1024K, 84 young (86016K), 2 survivors (2048K)
 Metaspace       used 129953K, committed 131008K, reserved 1179648K
  class space    used 18250K, committed 18752K, reserved 1048576K
}
Event: 451.469 GC heap after
{Heap after GC invocations=64 (full 0):
 garbage-first heap   total 274432K, used 153985K [0x0000000080000000, 0x0000000100000000)
  region size 1024K, 11 young (11264K), 11 survivors (11264K)
 Metaspace       used 129953K, committed 131008K, reserved 1179648K
  class space    used 18250K, committed 18752K, reserved 1048576K
}
Event: 474.946 GC heap before
{Heap before GC invocations=64 (full 0):
 garbage-first heap   total 274432K, used 225665K [0x0000000080000000, 0x0000000100000000)
  region size 1024K, 82 young (83968K), 11 survivors (11264K)
 Metaspace       used 130239K, committed 131392K, reserved 1179648K
  class space    used 18273K, committed 18816K, reserved 1048576K
}
Event: 474.963 GC heap after
{Heap after GC invocations=65 (full 0):
 garbage-first heap   total 274432K, used 158451K [0x0000000080000000, 0x0000000100000000)
  region size 1024K, 6 young (6144K), 6 survivors (6144K)
 Metaspace       used 130239K, committed 131392K, reserved 1179648K
  class space    used 18273K, committed 18816K, reserved 1048576K
}

