# JRE version: OpenJDK Runtime Environment (17.0.9) (build 17.0.9+0--11185874)
# Java VM: OpenJDK 64-Bit Server VM (17.0.9+0--11185874, mixed mode, tiered, compressed oops, compressed class ptrs, g1 gc, windows-amd64)
GC Precious Log:
 CPUs: 8 total, 8 available
 Memory: 16194M
 Large Page Support: Disabled
 NUMA Support: Disabled
 Compressed Oops: Enabled (32-bit)
 Heap Region Size: 1M
 Heap Min Capacity: 8M
 Heap Initial Capacity: 254M
 Heap Max Capacity: 2G
 Pre-touch: Disabled
 Parallel Workers: 8
 Concurrent Workers: 2
 Concurrent Refinement Workers: 8
 Periodic GC: Disabled
Heap:
 garbage-first heap   total 429056K, used 333612K [0x0000000080000000, 0x0000000100000000)
  region size 1024K, 55 young (56320K), 14 survivors (14336K)
 Metaspace       used 185924K, committed 187136K, reserved 1245184K
  class space    used 24032K, committed 24640K, reserved 1048576K
GC Heap History (20 events):
Event: 68.643 GC heap before
{Heap before GC invocations=96 (full 0):
 garbage-first heap   total 329728K, used 237521K [0x0000000080000000, 0x0000000100000000)
  region size 1024K, 32 young (32768K), 7 survivors (7168K)
 Metaspace       used 157155K, committed 158016K, reserved 1245184K
  class space    used 20654K, committed 21056K, reserved 1048576K
}
Event: 68.648 GC heap after
{Heap after GC invocations=97 (full 0):
 garbage-first heap   total 329728K, used 213908K [0x0000000080000000, 0x0000000100000000)
  region size 1024K, 6 young (6144K), 6 survivors (6144K)
 Metaspace       used 157155K, committed 158016K, reserved 1245184K
  class space    used 20654K, committed 21056K, reserved 1048576K
}
Event: 70.039 GC heap before
{Heap before GC invocations=98 (full 0):
 garbage-first heap   total 429056K, used 285588K [0x0000000080000000, 0x0000000100000000)
  region size 1024K, 59 young (60416K), 6 survivors (6144K)
 Metaspace       used 161267K, committed 162240K, reserved 1245184K
  class space    used 21142K, committed 21632K, reserved 1048576K
}
Event: 70.059 GC heap after
{Heap after GC invocations=99 (full 0):
 garbage-first heap   total 429056K, used 221461K [0x0000000080000000, 0x0000000100000000)
  region size 1024K, 8 young (8192K), 8 survivors (8192K)
 Metaspace       used 161267K, committed 162240K, reserved 1245184K
  class space    used 21142K, committed 21632K, reserved 1048576K
}
Event: 70.343 GC heap before
{Heap before GC invocations=99 (full 0):
 garbage-first heap   total 429056K, used 232725K [0x0000000080000000, 0x0000000100000000)
  region size 1024K, 20 young (20480K), 8 survivors (8192K)
 Metaspace       used 162262K, committed 163264K, reserved 1245184K
  class space    used 21332K, committed 21824K, reserved 1048576K
}
Event: 70.354 GC heap after
{Heap after GC invocations=100 (full 0):
 garbage-first heap   total 429056K, used 218288K [0x0000000080000000, 0x0000000100000000)
  region size 1024K, 2 young (2048K), 2 survivors (2048K)
 Metaspace       used 162262K, committed 163264K, reserved 1245184K
  class space    used 21332K, committed 21824K, reserved 1048576K
}
Event: 75.007 GC heap before
{Heap before GC invocations=100 (full 0):
 garbage-first heap   total 429056K, used 331952K [0x0000000080000000, 0x0000000100000000)
  region size 1024K, 109 young (111616K), 2 survivors (2048K)
 Metaspace       used 177000K, committed 177984K, reserved 1245184K
  class space    used 23081K, committed 23552K, reserved 1048576K
}
Event: 75.021 GC heap after
{Heap after GC invocations=101 (full 0):
 garbage-first heap   total 429056K, used 226100K [0x0000000080000000, 0x0000000100000000)
  region size 1024K, 9 young (9216K), 9 survivors (9216K)
 Metaspace       used 177000K, committed 177984K, reserved 1245184K
  class space    used 23081K, committed 23552K, reserved 1048576K
}
Event: 89.961 GC heap before
{Heap before GC invocations=101 (full 0):
 garbage-first heap   total 429056K, used 350004K [0x0000000080000000, 0x0000000100000000)
  region size 1024K, 132 young (135168K), 9 survivors (9216K)
 Metaspace       used 178216K, committed 179200K, reserved 1245184K
  class space    used 23141K, committed 23616K, reserved 1048576K
}
Event: 89.989 GC heap after
{Heap after GC invocations=102 (full 0):
 garbage-first heap   total 429056K, used 233677K [0x0000000080000000, 0x0000000100000000)
  region size 1024K, 16 young (16384K), 16 survivors (16384K)
 Metaspace       used 178216K, committed 179200K, reserved 1245184K
  class space    used 23141K, committed 23616K, reserved 1048576K
}
Event: 93.627 GC heap before
{Heap before GC invocations=102 (full 0):
 garbage-first heap   total 429056K, used 351437K [0x0000000080000000, 0x0000000100000000)
  region size 1024K, 133 young (136192K), 16 survivors (16384K)
 Metaspace       used 178363K, committed 179328K, reserved 1245184K
  class space    used 23147K, committed 23616K, reserved 1048576K
}
Event: 93.650 GC heap after
{Heap after GC invocations=103 (full 0):
 garbage-first heap   total 429056K, used 236039K [0x0000000080000000, 0x0000000100000000)
  region size 1024K, 10 young (10240K), 10 survivors (10240K)
 Metaspace       used 178363K, committed 179328K, reserved 1245184K
  class space    used 23147K, committed 23616K, reserved 1048576K
}
Event: 96.971 GC heap before
{Heap before GC invocations=103 (full 0):
 garbage-first heap   total 429056K, used 356871K [0x0000000080000000, 0x0000000100000000)
  region size 1024K, 129 young (132096K), 10 survivors (10240K)
 Metaspace       used 178887K, committed 179904K, reserved 1245184K
  class space    used 23190K, committed 23680K, reserved 1048576K
}
Event: 96.989 GC heap after
{Heap after GC invocations=104 (full 0):
 garbage-first heap   total 429056K, used 237491K [0x0000000080000000, 0x0000000100000000)
  region size 1024K, 7 young (7168K), 7 survivors (7168K)
 Metaspace       used 178887K, committed 179904K, reserved 1245184K
  class space    used 23190K, committed 23680K, reserved 1048576K
}
Event: 104.904 GC heap before
{Heap before GC invocations=104 (full 0):
 garbage-first heap   total 429056K, used 360371K [0x0000000080000000, 0x0000000100000000)
  region size 1024K, 128 young (131072K), 7 survivors (7168K)
 Metaspace       used 183030K, committed 184064K, reserved 1245184K
  class space    used 23661K, committed 24192K, reserved 1048576K
}
Event: 104.936 GC heap after
{Heap after GC invocations=105 (full 0):
 garbage-first heap   total 429056K, used 247308K [0x0000000080000000, 0x0000000100000000)
  region size 1024K, 16 young (16384K), 16 survivors (16384K)
 Metaspace       used 183030K, committed 184064K, reserved 1245184K
  class space    used 23661K, committed 24192K, reserved 1048576K
}
Event: 123.678 GC heap before
{Heap before GC invocations=105 (full 0):
 garbage-first heap   total 429056K, used 367116K [0x0000000080000000, 0x0000000100000000)
  region size 1024K, 127 young (130048K), 16 survivors (16384K)
 Metaspace       used 185829K, committed 187072K, reserved 1245184K
  class space    used 24032K, committed 24640K, reserved 1048576K
}
Event: 123.708 GC heap after
{Heap after GC invocations=106 (full 0):
 garbage-first heap   total 429056K, used 265911K [0x0000000080000000, 0x0000000100000000)
  region size 1024K, 13 young (13312K), 13 survivors (13312K)
 Metaspace       used 185829K, committed 187072K, reserved 1245184K
  class space    used 24032K, committed 24640K, reserved 1048576K
}
Event: 124.519 GC heap before
{Heap before GC invocations=106 (full 0):
 garbage-first heap   total 429056K, used 367287K [0x0000000080000000, 0x0000000100000000)
  region size 1024K, 105 young (107520K), 13 survivors (13312K)
 Metaspace       used 185861K, committed 187072K, reserved 1245184K
  class space    used 24032K, committed 24640K, reserved 1048576K
}
Event: 124.557 GC heap after
{Heap after GC invocations=107 (full 0):
 garbage-first heap   total 429056K, used 291628K [0x0000000080000000, 0x0000000100000000)
  region size 1024K, 14 young (14336K), 14 survivors (14336K)
 Metaspace       used 185861K, committed 187072K, reserved 1245184K
  class space    used 24032K, committed 24640K, reserved 1048576K
}

